<?xml version="1.0" encoding="UTF-8"?>
<testsuites>
  <testsuite name="fastlane.lanes">
    
    
    
      
      <testcase classname="fastlane.lanes" name="0: clean assembleDebug" time="2.763311495">
        
          <failure message="/var/lib/gems/2.7.0/gems/fastlane-2.195.0/fastlane/lib/fastlane/actions/actions_helper.rb:67:in `execute_action'&#10;/var/lib/gems/2.7.0/gems/fastlane-2.195.0/fastlane/lib/fastlane/runner.rb:255:in `block in execute_action'&#10;/var/lib/gems/2.7.0/gems/fastlane-2.195.0/fastlane/lib/fastlane/runner.rb:229:in `chdir'&#10;/var/lib/gems/2.7.0/gems/fastlane-2.195.0/fastlane/lib/fastlane/runner.rb:229:in `execute_action'&#10;/var/lib/gems/2.7.0/gems/fastlane-2.195.0/fastlane/lib/fastlane/runner.rb:157:in `trigger_action_by_name'&#10;/var/lib/gems/2.7.0/gems/fastlane-2.195.0/fastlane/lib/fastlane/fast_file.rb:159:in `method_missing'&#10;Fastfile:6:in `block (2 levels) in parsing_binding'&#10;/var/lib/gems/2.7.0/gems/fastlane-2.195.0/fastlane/lib/fastlane/lane.rb:33:in `call'&#10;/var/lib/gems/2.7.0/gems/fastlane-2.195.0/fastlane/lib/fastlane/runner.rb:49:in `block in execute'&#10;/var/lib/gems/2.7.0/gems/fastlane-2.195.0/fastlane/lib/fastlane/runner.rb:45:in `chdir'&#10;/var/lib/gems/2.7.0/gems/fastlane-2.195.0/fastlane/lib/fastlane/runner.rb:45:in `execute'&#10;/var/lib/gems/2.7.0/gems/fastlane-2.195.0/fastlane/lib/fastlane/lane_manager.rb:47:in `cruise_lane'&#10;/var/lib/gems/2.7.0/gems/fastlane-2.195.0/fastlane/lib/fastlane/command_line_handler.rb:36:in `handle'&#10;/var/lib/gems/2.7.0/gems/fastlane-2.195.0/fastlane/lib/fastlane/commands_generator.rb:109:in `block (2 levels) in run'&#10;/var/lib/gems/2.7.0/gems/commander-4.6.0/lib/commander/command.rb:187:in `call'&#10;/var/lib/gems/2.7.0/gems/commander-4.6.0/lib/commander/command.rb:157:in `run'&#10;/var/lib/gems/2.7.0/gems/commander-4.6.0/lib/commander/runner.rb:444:in `run_active_command'&#10;/var/lib/gems/2.7.0/gems/fastlane-2.195.0/fastlane_core/lib/fastlane_core/ui/fastlane_runner.rb:117:in `run!'&#10;/var/lib/gems/2.7.0/gems/commander-4.6.0/lib/commander/delegates.rb:18:in `run!'&#10;/var/lib/gems/2.7.0/gems/fastlane-2.195.0/fastlane/lib/fastlane/commands_generator.rb:353:in `run'&#10;/var/lib/gems/2.7.0/gems/fastlane-2.195.0/fastlane/lib/fastlane/commands_generator.rb:42:in `start'&#10;/var/lib/gems/2.7.0/gems/fastlane-2.195.0/fastlane/lib/fastlane/cli_tools_distributor.rb:122:in `take_off'&#10;/var/lib/gems/2.7.0/gems/fastlane-2.195.0/bin/fastlane:23:in `&lt;top (required)&gt;'&#10;/usr/local/bin/fastlane:23:in `load'&#10;/usr/local/bin/fastlane:23:in `&lt;main&gt;'&#10;&#10;Exit status of command '/home/atul/mindb/android_hello_world/gradlew clean assembleDebug -p .' was 1 instead of 0.&#10;&#10;FAILURE: Build failed with an exception.&#10;&#10;* What went wrong:&#10;A problem occurred configuring root project 'android_hello_world'.&#10;&gt; Could not resolve all artifacts for configuration ':classpath'.&#10;   &gt; Could not find com.android.tools.build:gradle:4.3.10.&#10;     Searched in the following locations:&#10;       - https://jcenter.bintray.com/com/android/tools/build/gradle/4.3.10/gradle-4.3.10.pom&#10;       - https://dl.google.com/dl/android/maven2/com/android/tools/build/gradle/4.3.10/gradle-4.3.10.pom&#10;     Required by:&#10;         project :&#10;&#10;* Try:&#10;Run with --stacktrace option to get the stack trace. Run with --info or --debug option to get more log output. Run with --scan to get full insights.&#10;&#10;* Get more help at https://help.gradle.org&#10;&#10;BUILD FAILED in 2s&#10;" />
        
      </testcase>
    
      
      <testcase classname="fastlane.lanes" name="1: slack" time="0.731560661">
        
      </testcase>
    
  </testsuite>
</testsuites>
